Using pre-set license
Built from '2020.3/release' branch; Version is '2020.3.7f1 (dd97f2c94397) revision 14522354'; Using compiler version '192528614'; Build Type 'Release'
OS: 'Windows 10 Pro; OS build 19041.1052; Version 2004; 64bit' Language: 'ko' Physical Memory: 8077 MB
BatchMode: 1, IsHumanControllingUs: 0, StartBugReporterOnCrash: 0, Is64bit: 1, IsPro: 0

 COMMAND LINE ARGUMENTS:
C:\Program Files\Unity\Hub\Editor\2020.3.7f1\Editor\Unity.exe
-adb2
-batchMode
-noUpm
-name
AssetImportWorker0
-projectPath
C:/Users/user/Documents/GitHub/Study-Unity_Server/SampleApp/App_Photon_1
-logFile
Logs/AssetImportWorker0.log
-srvPort
1261
Successfully changed project path to: C:/Users/user/Documents/GitHub/Study-Unity_Server/SampleApp/App_Photon_1
C:/Users/user/Documents/GitHub/Study-Unity_Server/SampleApp/App_Photon_1
Using Asset Import Pipeline V2.
Refreshing native plugins compatible for Editor in 76.66 ms, found 1 plugins.
Preloading 0 native plugins for Editor in 0.00 ms.
Initialize engine version: 2020.3.7f1 (dd97f2c94397)
[Subsystems] Discovering subsystems at path C:/Program Files/Unity/Hub/Editor/2020.3.7f1/Editor/Data/Resources/UnitySubsystems
[Subsystems] Discovering subsystems at path C:/Users/user/Documents/GitHub/Study-Unity_Server/SampleApp/App_Photon_1/Assets
GfxDevice: creating device client; threaded=0
Direct3D:
    Version:  Direct3D 11.0 [level 11.0]
    Renderer: NVIDIA GeForce 940MX (ID=0x134d)
    Vendor:   
    VRAM:     2010 MB
    Driver:   27.21.14.6230
Initialize mono
Mono path[0] = 'C:/Program Files/Unity/Hub/Editor/2020.3.7f1/Editor/Data/Managed'
Mono path[1] = 'C:/Program Files/Unity/Hub/Editor/2020.3.7f1/Editor/Data/MonoBleedingEdge/lib/mono/unityjit'
Mono config path = 'C:/Program Files/Unity/Hub/Editor/2020.3.7f1/Editor/Data/MonoBleedingEdge/etc'
Using monoOptions --debugger-agent=transport=dt_socket,embedding=1,server=y,suspend=n,address=127.0.0.1:56728
Begin MonoManager ReloadAssembly
Registering precompiled unity dll's ...
Register platform support module: C:/Program Files/Unity/Hub/Editor/2020.3.7f1/Editor/Data/PlaybackEngines/WebGLSupport/UnityEditor.WebGL.Extensions.dll
Register platform support module: C:/Program Files/Unity/Hub/Editor/2020.3.7f1/Editor/Data/PlaybackEngines/WindowsStandaloneSupport/UnityEditor.WindowsStandalone.Extensions.dll
Registered in 0.025494 seconds.
Native extension for WindowsStandalone target not found
Native extension for WebGL target not found
Refreshing native plugins compatible for Editor in 57.52 ms, found 1 plugins.
Preloading 0 native plugins for Editor in 0.00 ms.
Mono: successfully reloaded assembly
- Completed reload, in  7.434 seconds
Platform modules already initialized, skipping
Registering precompiled user dll's ...
Registered in 0.041381 seconds.
Begin MonoManager ReloadAssembly
Native extension for WindowsStandalone target not found
Native extension for WebGL target not found
Refreshing native plugins compatible for Editor in 88.29 ms, found 1 plugins.
Preloading 0 native plugins for Editor in 0.00 ms.
Mono: successfully reloaded assembly
- Completed reload, in  4.528 seconds
Platform modules already initialized, skipping
========================================================================
Worker process is ready to serve import requests
Launched and connected shader compiler UnityShaderCompiler.exe after 0.17 seconds
Refreshing native plugins compatible for Editor in 0.54 ms, found 1 plugins.
Preloading 0 native plugins for Editor in 0.00 ms.
Unloading 2032 Unused Serialized files (Serialized files now loaded: 0)
System memory in use before: 94.9 MB.
System memory in use after: 94.9 MB.

Unloading 30 unused Assets to reduce memory usage. Loaded Objects now: 2470.
Total: 4.268500 ms (FindLiveObjects: 0.458100 ms CreateObjectMapping: 0.238300 ms MarkObjects: 3.367900 ms  DeleteObjects: 0.202300 ms)

========================================================================
Received Import Request.
  path: Assets/Scenes/Chatting.unity
  artifactKey: Guid(0ddaf14604c6c074e8a0963f87000bd3) Importer(815301076,1909f56bfc062723c751e8b465ee728b)
Start importing Assets/Scenes/Chatting.unity using Guid(0ddaf14604c6c074e8a0963f87000bd3) Importer(815301076,1909f56bfc062723c751e8b465ee728b)  -> (artifact id: '866c9557263f92d66d2e7388b89be2cd') in 0.048073 seconds
  Import took 0.061074 seconds .

========================================================================
Received Import Request.
  Time since last request: 68.418880 seconds.
  path: Assets/Script/NetworkManager2.cs
  artifactKey: Guid(c95ea1ebaa091584f927c1b2c0f4bc22) Importer(815301076,1909f56bfc062723c751e8b465ee728b)
Start importing Assets/Script/NetworkManager2.cs using Guid(c95ea1ebaa091584f927c1b2c0f4bc22) Importer(815301076,1909f56bfc062723c751e8b465ee728b)  -> (artifact id: '429e6a2e9abb2ee0114531d500445214') in 0.134441 seconds
  Import took 0.142283 seconds .

========================================================================
Received Prepare
Registering precompiled user dll's ...
Registered in 0.048180 seconds.
Begin MonoManager ReloadAssembly
Native extension for WindowsStandalone target not found
Native extension for WebGL target not found
Refreshing native plugins compatible for Editor in 7.94 ms, found 1 plugins.
Preloading 0 native plugins for Editor in 0.00 ms.
Mono: successfully reloaded assembly
- Completed reload, in  8.028 seconds
Platform modules already initialized, skipping
Refreshing native plugins compatible for Editor in 0.91 ms, found 1 plugins.
Preloading 0 native plugins for Editor in 0.00 ms.
Unloading 2027 Unused Serialized files (Serialized files now loaded: 0)
System memory in use before: 94.8 MB.
System memory in use after: 94.8 MB.

Unloading 17 unused Assets to reduce memory usage. Loaded Objects now: 2476.
Total: 6.541400 ms (FindLiveObjects: 2.364200 ms CreateObjectMapping: 0.541800 ms MarkObjects: 3.248600 ms  DeleteObjects: 0.384100 ms)

========================================================================
Received Import Request.
  Time since last request: 125.336385 seconds.
  path: Assets/Script/NetworkManager2.cs
  artifactKey: Guid(c95ea1ebaa091584f927c1b2c0f4bc22) Importer(815301076,1909f56bfc062723c751e8b465ee728b)
Start importing Assets/Script/NetworkManager2.cs using Guid(c95ea1ebaa091584f927c1b2c0f4bc22) Importer(815301076,1909f56bfc062723c751e8b465ee728b)  -> (artifact id: '83ea0781293a35ab037e41dd0b5a8e84') in 0.012737 seconds
  Import took 0.020130 seconds .

========================================================================
Received Prepare
Registering precompiled user dll's ...
Registered in 0.040123 seconds.
Begin MonoManager ReloadAssembly
Native extension for WindowsStandalone target not found
Native extension for WebGL target not found
Refreshing native plugins compatible for Editor in 0.58 ms, found 1 plugins.
Preloading 0 native plugins for Editor in 0.00 ms.
Mono: successfully reloaded assembly
- Completed reload, in  4.307 seconds
Platform modules already initialized, skipping
Refreshing native plugins compatible for Editor in 1.64 ms, found 1 plugins.
Preloading 0 native plugins for Editor in 0.00 ms.
Unloading 2026 Unused Serialized files (Serialized files now loaded: 0)
System memory in use before: 94.8 MB.
System memory in use after: 94.8 MB.

Unloading 18 unused Assets to reduce memory usage. Loaded Objects now: 2480.
Total: 36.251800 ms (FindLiveObjects: 19.080400 ms CreateObjectMapping: 0.293800 ms MarkObjects: 16.053300 ms  DeleteObjects: 0.821800 ms)

========================================================================
Received Import Request.
  Time since last request: 73359.398684 seconds.
  path: Assets/Script/Network2.cs
  artifactKey: Guid(07c7bb2bbfa64bb4788d6f70bfed403d) Importer(815301076,1909f56bfc062723c751e8b465ee728b)
Start importing Assets/Script/Network2.cs using Guid(07c7bb2bbfa64bb4788d6f70bfed403d) Importer(815301076,1909f56bfc062723c751e8b465ee728b)  -> (artifact id: '0b36980b9e56b8d0a266efb89cf5ab90') in 0.023889 seconds
  Import took 0.056004 seconds .

========================================================================
Received Prepare
Registering precompiled user dll's ...
Registered in 22.555845 seconds.
Begin MonoManager ReloadAssembly
Native extension for WindowsStandalone target not found
Native extension for WebGL target not found
Refreshing native plugins compatible for Editor in 0.99 ms, found 1 plugins.
Preloading 0 native plugins for Editor in 0.00 ms.
Mono: successfully reloaded assembly
- Completed reload, in  7.439 seconds
Platform modules already initialized, skipping
Refreshing native plugins compatible for Editor in 1.64 ms, found 1 plugins.
Preloading 0 native plugins for Editor in 0.00 ms.
Unloading 2027 Unused Serialized files (Serialized files now loaded: 0)
System memory in use before: 94.9 MB.
System memory in use after: 94.9 MB.

Unloading 17 unused Assets to reduce memory usage. Loaded Objects now: 2486.
Total: 21.805200 ms (FindLiveObjects: 3.662200 ms CreateObjectMapping: 0.525100 ms MarkObjects: 17.377300 ms  DeleteObjects: 0.237700 ms)

AssetImportWorkerClient::OnTransportError - code=2 error=End of file
